<?xml version="1.0" encoding="UTF-8"?>
<!-- Generated by org.testng.reporters.JUnitReportReporter -->
<testsuite hostname="Leonidus-TOSH" failures="0" tests="1" name="com.w2a.testcases.CreateAccountTest" time="12.226" errors="0" timestamp="2019-03-15T17:21:58 IST" skipped="0">
  <testcase classname="com.w2a.testcases.CreateAccountTest" name="createAccountTest" time="12.226"/>
</testsuite> <!-- com.w2a.testcases.CreateAccountTest -->
